P1=0.9, Q1=0.9, D=0.0, strategies=Vector(1.0, 3.0, 5.0, 7.0, 9.0), simulation=Minimal
P1=0.9, Q1=0.9, D=0.0, strategies=Vector(1.0, 3.0, 5.0, 7.0, 9.0), simulation=Minimal
P1=0.9, Q1=0.9, D=0.0, strategies=Vector(1.0, 3.0, 5.0, 7.0, 9.0), simulation=Minimal
P1=0.9, Q1=0.9, D=0.0, strategies=Vector(1.0, 3.0, 5.0, 7.0, 9.0), simulation=Minimal
P1=0.9, Q1=0.9, D=0.0, strategies=Vector(1.0, 3.0, 5.0, 7.0, 9.0), simulation=Minimal
P1=0.9, Q1=0.9, D=0.0, strategies=Vector(1.0, 3.0, 5.0, 7.0, 9.0), simulation=Minimal
P1=0.9, Q1=0.9, D=0.0, strategies=Vector(1.0, 3.0, 5.0, 7.0, 9.0), simulation=Minimal
P1=0.9, Q1=0.9, D=0.0, strategies=Vector(1.0, 3.0, 5.0, 7.0, 9.0), simulation=Minimal
P1=0.9, Q1=0.9, D=0.0, strategies=Vector(1.0, 3.0, 5.0, 7.0, 9.0), simulation=Minimal
P1=0.9, Q1=0.9, D=0.0, strategies=Vector(1.0, 3.0, 5.0, 7.0, 9.0), simulation=Minimal
Ran 100 runs
Ran 100 runs
Ran 100 runs
Ran 100 runs
Ran 100 runs
Ran 100 runs
Ran 100 runs
Ran 100 runs
Ran 100 runs
Ran 100 runs
Hit generation cap
Ran 200 runs
Ran 200 runs
Ran 200 runs
Ran 200 runs
Ran 200 runs
Ran 200 runs
Ran 200 runs
Ran 200 runs
Ran 200 runs
Ran 200 runs
Ran 300 runs
Ran 300 runs
Ran 300 runs
Ran 300 runs
Ran 300 runs
Ran 300 runs
Ran 300 runs
Ran 300 runs
Ran 300 runs
Ran 300 runs
Ran 400 runs
Ran 400 runs
Hit generation cap
Ran 400 runs
Ran 400 runs
Ran 400 runs
Ran 400 runs
Ran 400 runs
Ran 400 runs
Ran 400 runs
Ran 400 runs
Ran 500 runs
Ran 500 runs
Ran 500 runs
Ran 500 runs
Ran 500 runs
Ran 500 runs
Ran 500 runs
Ran 500 runs
Ran 500 runs
Ran 500 runs
Ran 600 runs
Ran 600 runs
Ran 600 runs
Ran 600 runs
Ran 600 runs
Ran 600 runs
Ran 600 runs
Ran 600 runs
Ran 600 runs
Ran 600 runs
Ran 700 runs
Ran 700 runs
Ran 700 runs
Ran 700 runs
Ran 700 runs
Ran 700 runs
Ran 700 runs
Ran 700 runs
Ran 700 runs
Ran 700 runs
Ran 800 runs
Ran 800 runs
Ran 800 runs
Ran 800 runs
Ran 800 runs
Ran 800 runs
Ran 800 runs
Ran 800 runs
Ran 800 runs
Ran 800 runs
Hit generation cap
Ran 900 runs
Ran 900 runs
Ran 900 runs
Ran 900 runs
Ran 900 runs
Ran 900 runs
Ran 900 runs
Ran 900 runs
Ran 900 runs
Ran 900 runs
Ran 1000 runs
0.00300 0.01400 0.03300 0.00900 0.00000
0.01400 0.09900 0.13400 0.05800 0.00000
0.02600 0.15100 0.20900 0.08700 0.00100
0.01300 0.03800 0.07500 0.03400 0.00000
0.00000 0.00100 0.00100 0.00000 0.00000
Ran 1000 runs
0.00000 0.01700 0.02600 0.01100 0.00000
0.01900 0.09300 0.16500 0.05500 0.00000
0.02200 0.14800 0.18600 0.07100 0.00100
0.01000 0.05400 0.07800 0.03700 0.00000
0.00000 0.00400 0.00300 0.00000 0.00000
Ran 1000 runs
0.00200 0.01800 0.02500 0.00500 0.00000
0.00900 0.08200 0.15100 0.05200 0.00300
0.02800 0.15500 0.21200 0.07900 0.00000
0.00400 0.04800 0.08500 0.03600 0.00000
0.00000 0.00200 0.00400 0.00000 0.00000
Ran 1000 runs
0.00300 0.01700 0.03500 0.00600 0.00000
0.01400 0.09100 0.16000 0.06100 0.00100
0.02300 0.15300 0.18400 0.08000 0.00100
0.01300 0.04600 0.08700 0.02300 0.00000
0.00100 0.00100 0.00000 0.00000 0.00000
Ran 1000 runs
0.00600 0.01200 0.02900 0.00700 0.00000
0.01300 0.09800 0.14500 0.04000 0.00000
0.03100 0.15200 0.20100 0.08800 0.00100
0.01000 0.06400 0.08100 0.01500 0.00100
0.00000 0.00100 0.00400 0.00100 0.00000
Ran 1000 runs
0.00400 0.01900 0.02300 0.00300 0.00000
0.01400 0.10000 0.13800 0.05400 0.00000
0.02100 0.15400 0.20400 0.09500 0.00000
0.00500 0.06300 0.06800 0.02900 0.00100
0.00000 0.00100 0.00200 0.00200 0.00000
Ran 1000 runs
Ran 1000 runs
0.00300 0.01700 0.02200 0.01000 0.00100
0.02600 0.09600 0.12100 0.06500 0.00000
0.03200 0.14900 0.22400 0.05700 0.00000
0.01500 0.05300 0.07900 0.02500 0.00100
0.00000 0.00200 0.00100 0.00100 0.00000
0.00200 0.01700 0.02800 0.01200 0.00000
0.01900 0.10200 0.14300 0.04400 0.00300
0.03300 0.15300 0.20800 0.06800 0.00200
0.00600 0.05100 0.08600 0.01900 0.00100
0.00000 0.00100 0.00200 0.00000 0.00000
Ran 1000 runs
0.00200 0.01500 0.02400 0.01700 0.00000
0.02300 0.10500 0.13800 0.07000 0.00000
0.02300 0.14400 0.19400 0.05200 0.00000
0.00800 0.07000 0.08600 0.02500 0.00100
0.00100 0.00000 0.00200 0.00000 0.00000
Ran 1000 runs
0.00000 0.02800 0.02100 0.01400 0.00000
0.01500 0.09700 0.15500 0.04200 0.00000
0.03100 0.14400 0.18200 0.08400 0.00000
0.01100 0.06100 0.08000 0.03300 0.00100
0.00000 0.00100 0.00000 0.00000 0.00000
