P1=0.5, Q1=0.9, D=3.0, strategies=Vector(4.0, 6.0), simulation=Minimal
P1=0.5, Q1=0.9, D=3.0, strategies=Vector(4.0, 6.0), simulation=Minimal
P1=0.5, Q1=0.9, D=3.0, strategies=Vector(4.0, 6.0), simulation=Minimal
P1=0.5, Q1=0.9, D=3.0, strategies=Vector(4.0, 6.0), simulation=Minimal
P1=0.5, Q1=0.9, D=3.0, strategies=Vector(4.0, 6.0), simulation=Minimal
P1=0.5, Q1=0.9, D=3.0, strategies=Vector(4.0, 6.0), simulation=Minimal
P1=0.5, Q1=0.9, D=3.0, strategies=Vector(4.0, 6.0), simulation=Minimal
P1=0.5, Q1=0.9, D=3.0, strategies=Vector(4.0, 6.0), simulation=Minimal
P1=0.5, Q1=0.9, D=3.0, strategies=Vector(4.0, 6.0), simulation=Minimal
P1=0.5, Q1=0.9, D=3.0, strategies=Vector(4.0, 6.0), simulation=Minimal
P1=0.5, Q1=0.9, D=3.0, strategies=Vector(4.0, 6.0), simulation=Minimal
P1=0.5, Q1=0.9, D=3.0, strategies=Vector(4.0, 6.0), simulation=Minimal
P1=0.5, Q1=0.9, D=3.0, strategies=Vector(4.0, 6.0), simulation=Minimal
P1=0.5, Q1=0.9, D=3.0, strategies=Vector(4.0, 6.0), simulation=Minimal
P1=0.5, Q1=0.9, D=3.0, strategies=Vector(4.0, 6.0), simulation=Minimal
P1=0.5, Q1=0.9, D=3.0, strategies=Vector(4.0, 6.0), simulation=Minimal
P1=0.5, Q1=0.9, D=3.0, strategies=Vector(4.0, 6.0), simulation=Minimal
P1=0.5, Q1=0.9, D=3.0, strategies=Vector(4.0, 6.0), simulation=Minimal
P1=0.5, Q1=0.9, D=3.0, strategies=Vector(4.0, 6.0), simulation=Minimal
P1=0.5, Q1=0.9, D=3.0, strategies=Vector(4.0, 6.0), simulation=Minimal
P1=0.5, Q1=0.9, D=3.0, strategies=Vector(4.0, 6.0), simulation=Minimal
P1=0.5, Q1=0.9, D=3.0, strategies=Vector(4.0, 6.0), simulation=Minimal
P1=0.5, Q1=0.9, D=3.0, strategies=Vector(4.0, 6.0), simulation=Minimal
P1=0.5, Q1=0.9, D=3.0, strategies=Vector(4.0, 6.0), simulation=Minimal
P1=0.5, Q1=0.9, D=3.0, strategies=Vector(4.0, 6.0), simulation=Minimal
P1=0.5, Q1=0.9, D=3.0, strategies=Vector(4.0, 6.0), simulation=Minimal
P1=0.5, Q1=0.9, D=3.0, strategies=Vector(4.0, 6.0), simulation=Minimal
P1=0.5, Q1=0.9, D=3.0, strategies=Vector(4.0, 6.0), simulation=Minimal
P1=0.5, Q1=0.9, D=3.0, strategies=Vector(4.0, 6.0), simulation=Minimal
P1=0.5, Q1=0.9, D=3.0, strategies=Vector(4.0, 6.0), simulation=Minimal
P1=0.5, Q1=0.9, D=3.0, strategies=Vector(4.0, 6.0), simulation=Minimal
P1=0.5, Q1=0.9, D=3.0, strategies=Vector(4.0, 6.0), simulation=Minimal
P1=0.5, Q1=0.9, D=3.0, strategies=Vector(4.0, 6.0), simulation=Minimal
P1=0.5, Q1=0.9, D=3.0, strategies=Vector(4.0, 6.0), simulation=Minimal
P1=0.5, Q1=0.9, D=3.0, strategies=Vector(4.0, 6.0), simulation=Minimal
P1=0.5, Q1=0.9, D=3.0, strategies=Vector(4.0, 6.0), simulation=Minimal
P1=0.5, Q1=0.9, D=3.0, strategies=Vector(4.0, 6.0), simulation=Minimal
P1=0.5, Q1=0.9, D=3.0, strategies=Vector(4.0, 6.0), simulation=Minimal
P1=0.5, Q1=0.9, D=3.0, strategies=Vector(4.0, 6.0), simulation=Minimal
P1=0.5, Q1=0.9, D=3.0, strategies=Vector(4.0, 6.0), simulation=Minimal
P1=0.5, Q1=0.9, D=3.0, strategies=Vector(4.0, 6.0), simulation=Minimal
P1=0.5, Q1=0.9, D=3.0, strategies=Vector(4.0, 6.0), simulation=Minimal
P1=0.5, Q1=0.9, D=3.0, strategies=Vector(4.0, 6.0), simulation=Minimal
P1=0.5, Q1=0.9, D=3.0, strategies=Vector(4.0, 6.0), simulation=Minimal
P1=0.5, Q1=0.9, D=3.0, strategies=Vector(4.0, 6.0), simulation=Minimal
P1=0.5, Q1=0.9, D=3.0, strategies=Vector(4.0, 6.0), simulation=Minimal
P1=0.5, Q1=0.9, D=3.0, strategies=Vector(4.0, 6.0), simulation=Minimal
P1=0.5, Q1=0.9, D=3.0, strategies=Vector(4.0, 6.0), simulation=Minimal
P1=0.5, Q1=0.9, D=3.0, strategies=Vector(4.0, 6.0), simulation=Minimal
P1=0.5, Q1=0.9, D=3.0, strategies=Vector(4.0, 6.0), simulation=Minimal
P1=0.5, Q1=0.9, D=3.0, strategies=Vector(4.0, 6.0), simulation=Minimal
P1=0.5, Q1=0.9, D=3.0, strategies=Vector(4.0, 6.0), simulation=Minimal
P1=0.5, Q1=0.9, D=3.0, strategies=Vector(4.0, 6.0), simulation=Minimal
P1=0.5, Q1=0.9, D=3.0, strategies=Vector(4.0, 6.0), simulation=Minimal
P1=0.5, Q1=0.9, D=3.0, strategies=Vector(4.0, 6.0), simulation=Minimal
P1=0.5, Q1=0.9, D=3.0, strategies=Vector(4.0, 6.0), simulation=Minimal
P1=0.5, Q1=0.9, D=3.0, strategies=Vector(4.0, 6.0), simulation=Minimal
P1=0.5, Q1=0.9, D=3.0, strategies=Vector(4.0, 6.0), simulation=Minimal
P1=0.5, Q1=0.9, D=3.0, strategies=Vector(4.0, 6.0), simulation=Minimal
P1=0.5, Q1=0.9, D=3.0, strategies=Vector(4.0, 6.0), simulation=Minimal
P1=0.5, Q1=0.9, D=3.0, strategies=Vector(4.0, 6.0), simulation=Minimal
P1=0.5, Q1=0.9, D=3.0, strategies=Vector(4.0, 6.0), simulation=Minimal
P1=0.5, Q1=0.9, D=3.0, strategies=Vector(4.0, 6.0), simulation=Minimal
P1=0.5, Q1=0.9, D=3.0, strategies=Vector(4.0, 6.0), simulation=Minimal
P1=0.5, Q1=0.9, D=3.0, strategies=Vector(4.0, 6.0), simulation=Minimal
P1=0.5, Q1=0.9, D=3.0, strategies=Vector(4.0, 6.0), simulation=Minimal
P1=0.5, Q1=0.9, D=3.0, strategies=Vector(4.0, 6.0), simulation=Minimal
P1=0.5, Q1=0.9, D=3.0, strategies=Vector(4.0, 6.0), simulation=Minimal
P1=0.5, Q1=0.9, D=3.0, strategies=Vector(4.0, 6.0), simulation=Minimal
P1=0.5, Q1=0.9, D=3.0, strategies=Vector(4.0, 6.0), simulation=Minimal
P1=0.5, Q1=0.9, D=3.0, strategies=Vector(4.0, 6.0), simulation=Minimal
P1=0.5, Q1=0.9, D=3.0, strategies=Vector(4.0, 6.0), simulation=Minimal
P1=0.5, Q1=0.9, D=3.0, strategies=Vector(4.0, 6.0), simulation=Minimal
P1=0.5, Q1=0.9, D=3.0, strategies=Vector(4.0, 6.0), simulation=Minimal
P1=0.5, Q1=0.9, D=3.0, strategies=Vector(4.0, 6.0), simulation=Minimal
P1=0.5, Q1=0.9, D=3.0, strategies=Vector(4.0, 6.0), simulation=Minimal
P1=0.5, Q1=0.9, D=3.0, strategies=Vector(4.0, 6.0), simulation=Minimal
P1=0.5, Q1=0.9, D=3.0, strategies=Vector(4.0, 6.0), simulation=Minimal
P1=0.5, Q1=0.9, D=3.0, strategies=Vector(4.0, 6.0), simulation=Minimal
P1=0.5, Q1=0.9, D=3.0, strategies=Vector(4.0, 6.0), simulation=Minimal
P1=0.5, Q1=0.9, D=3.0, strategies=Vector(4.0, 6.0), simulation=Minimal
P1=0.5, Q1=0.9, D=3.0, strategies=Vector(4.0, 6.0), simulation=Minimal
P1=0.5, Q1=0.9, D=3.0, strategies=Vector(4.0, 6.0), simulation=Minimal
P1=0.5, Q1=0.9, D=3.0, strategies=Vector(4.0, 6.0), simulation=Minimal
P1=0.5, Q1=0.9, D=3.0, strategies=Vector(4.0, 6.0), simulation=Minimal
P1=0.5, Q1=0.9, D=3.0, strategies=Vector(4.0, 6.0), simulation=Minimal
P1=0.5, Q1=0.9, D=3.0, strategies=Vector(4.0, 6.0), simulation=Minimal
P1=0.5, Q1=0.9, D=3.0, strategies=Vector(4.0, 6.0), simulation=Minimal
P1=0.5, Q1=0.9, D=3.0, strategies=Vector(4.0, 6.0), simulation=Minimal
P1=0.5, Q1=0.9, D=3.0, strategies=Vector(4.0, 6.0), simulation=Minimal
P1=0.5, Q1=0.9, D=3.0, strategies=Vector(4.0, 6.0), simulation=Minimal
P1=0.5, Q1=0.9, D=3.0, strategies=Vector(4.0, 6.0), simulation=Minimal
P1=0.5, Q1=0.9, D=3.0, strategies=Vector(4.0, 6.0), simulation=Minimal
P1=0.5, Q1=0.9, D=3.0, strategies=Vector(4.0, 6.0), simulation=Minimal
P1=0.5, Q1=0.9, D=3.0, strategies=Vector(4.0, 6.0), simulation=Minimal
P1=0.5, Q1=0.9, D=3.0, strategies=Vector(4.0, 6.0), simulation=Minimal
P1=0.5, Q1=0.9, D=3.0, strategies=Vector(4.0, 6.0), simulation=Minimal
P1=0.5, Q1=0.9, D=3.0, strategies=Vector(4.0, 6.0), simulation=Minimal
P1=0.5, Q1=0.9, D=3.0, strategies=Vector(4.0, 6.0), simulation=Minimal
P1=0.5, Q1=0.9, D=3.0, strategies=Vector(4.0, 6.0), simulation=Minimal
Ran 100 runs
0.03000 0.21000
0.21000 0.55000
Ran 100 runs
Ran 100 runs
Ran 100 runs
0.07000 0.15000
0.24000 0.54000
Ran 100 runs
0.04000 0.15000
0.22000 0.59000
0.08000 0.15000
0.20000 0.57000
Ran 100 runs
0.09000 0.14000
0.25000 0.52000
Ran 100 runs
Ran 100 runs
0.06000 0.13000
0.27000 0.54000
Ran 100 runs
Ran 100 runs
Ran 100 runs
0.07000 0.21000
0.23000 0.49000
Ran 100 runs
0.05000 0.14000
0.24000 0.57000
0.05000 0.16000
0.27000 0.52000
0.09000 0.20000
0.15000 0.56000
0.08000 0.17000
0.26000 0.49000
0.11000 0.10000
0.17000 0.62000
Ran 100 runs
Ran 100 runs
Ran 100 runs
0.05000 0.16000
0.26000 0.53000
Ran 100 runs
Ran 100 runs
Ran 100 runs
Ran 100 runs
Ran 100 runs
Ran 100 runs
Ran 100 runs
0.08000 0.09000
0.18000 0.65000
0.04000 0.16000
0.20000 0.60000
0.03000 0.14000
0.26000 0.57000
0.07000 0.13000
0.23000 0.57000
0.02000 0.16000
0.19000 0.63000
0.10000 0.15000
0.22000 0.53000
0.04000 0.24000
0.17000 0.55000
Ran 100 runs
0.08000 0.17000
0.13000 0.62000
0.07000 0.15000
0.27000 0.51000
Ran 100 runs
Ran 100 runs
0.05000 0.14000
0.28000 0.53000
Ran 100 runs
Ran 100 runs
0.06000 0.13000
0.24000 0.57000
Ran 100 runs
0.06000 0.13000
0.17000 0.64000
0.09000 0.17000
0.16000 0.58000
0.07000 0.16000
0.21000 0.56000
0.04000 0.18000
0.27000 0.51000
Ran 100 runs
0.12000 0.21000
0.18000 0.49000
Ran 100 runs
0.07000 0.13000
0.26000 0.54000
Ran 100 runs
Ran 100 runs
Ran 100 runs
Ran 100 runs
0.04000 0.13000
0.27000 0.56000
Ran 100 runs
Ran 100 runs
0.04000 0.15000
0.19000 0.62000
Ran 100 runs
Ran 100 runs
0.03000 0.16000
0.21000 0.60000
Ran 100 runs
Ran 100 runs
0.04000 0.22000
0.17000 0.57000
Ran 100 runs
Ran 100 runs
Ran 100 runs
Ran 100 runs
Ran 100 runs
0.03000 0.18000
0.21000 0.58000
0.05000 0.13000
0.25000 0.57000
Ran 100 runs
Ran 100 runs
Ran 100 runs
Ran 100 runs
0.06000 0.18000
0.13000 0.63000
Ran 100 runs
Ran 100 runs
0.08000 0.19000
0.23000 0.50000
0.06000 0.15000
0.22000 0.57000
Ran 100 runs
Ran 100 runs
Ran 100 runs
0.08000 0.19000
0.20000 0.53000
0.08000 0.19000
0.14000 0.59000
0.05000 0.14000
0.24000 0.57000
0.09000 0.16000
0.19000 0.56000
Ran 100 runs
0.05000 0.21000
0.26000 0.48000
Ran 100 runs
0.07000 0.19000
0.21000 0.53000
Ran 100 runs
0.10000 0.13000
0.21000 0.56000
0.06000 0.12000
0.23000 0.59000
0.07000 0.17000
0.21000 0.55000
0.05000 0.21000
0.21000 0.53000
Ran 100 runs
Ran 100 runs
0.03000 0.19000
0.26000 0.52000
Ran 100 runs
0.05000 0.16000
0.23000 0.56000
Ran 100 runs
0.08000 0.14000
0.19000 0.59000
Ran 100 runs
0.08000 0.18000
0.17000 0.57000
Ran 100 runs
Ran 100 runs
Ran 100 runs
0.08000 0.17000
0.20000 0.55000
Ran 100 runs
Ran 100 runs
0.10000 0.15000
0.22000 0.53000
0.08000 0.10000
0.22000 0.60000
Ran 100 runs
0.04000 0.21000
0.19000 0.56000
Ran 100 runs
Ran 100 runs
0.03000 0.15000
0.21000 0.61000
0.04000 0.19000
0.18000 0.59000
0.10000 0.21000
0.20000 0.49000
Ran 100 runs
0.06000 0.09000
0.20000 0.65000
0.05000 0.16000
0.22000 0.57000
0.01000 0.17000
0.20000 0.62000
Ran 100 runs
0.11000 0.10000
0.17000 0.62000
0.08000 0.23000
0.21000 0.48000
Ran 100 runs
Ran 100 runs
Ran 100 runs
Ran 100 runs
0.10000 0.14000
0.22000 0.54000
0.08000 0.16000
0.33000 0.43000
Ran 100 runs
Ran 100 runs
0.09000 0.11000
0.24000 0.56000
Ran 100 runs
Ran 100 runs
0.09000 0.17000
0.20000 0.54000
0.06000 0.17000
0.22000 0.55000
0.07000 0.16000
0.28000 0.49000
0.10000 0.12000
0.18000 0.60000
0.11000 0.19000
0.23000 0.47000
Ran 100 runs
0.09000 0.13000
0.28000 0.50000
0.07000 0.11000
0.27000 0.55000
Ran 100 runs
0.05000 0.17000
0.23000 0.55000
0.06000 0.20000
0.18000 0.56000
0.05000 0.07000
0.30000 0.58000
0.11000 0.18000
0.29000 0.42000
0.01000 0.13000
0.22000 0.64000
Ran 100 runs
Ran 100 runs
Ran 100 runs
Ran 100 runs
0.04000 0.17000
0.22000 0.57000
0.04000 0.12000
0.33000 0.51000
Ran 100 runs
Ran 100 runs
0.07000 0.17000
0.24000 0.52000
0.06000 0.16000
0.19000 0.59000
0.08000 0.17000
0.27000 0.48000
0.02000 0.18000
0.22000 0.58000
0.07000 0.20000
0.22000 0.51000
0.05000 0.15000
0.24000 0.56000
Ran 100 runs
Ran 100 runs
Ran 100 runs
0.10000 0.12000
0.30000 0.48000
0.08000 0.14000
0.23000 0.55000
0.09000 0.09000
0.27000 0.55000
Ran 100 runs
0.05000 0.14000
0.16000 0.65000
Ran 100 runs
Ran 100 runs
Ran 100 runs
Ran 100 runs
Ran 100 runs
0.03000 0.13000
0.23000 0.61000
0.05000 0.22000
0.17000 0.56000
0.06000 0.18000
0.21000 0.55000
Ran 100 runs
0.08000 0.13000
0.27000 0.52000
0.05000 0.15000
0.23000 0.57000
Ran 100 runs
0.06000 0.18000
0.18000 0.58000
Ran 100 runs
0.08000 0.15000
0.20000 0.57000
0.02000 0.23000
0.23000 0.52000
