P1=0.9, Q1=0.9, D=0.0, strategies=Vector(3.0, 4.0, 5.0, 6.0, 7.0), simulation=Minimal
P1=0.9, Q1=0.9, D=0.0, strategies=Vector(3.0, 4.0, 5.0, 6.0, 7.0), simulation=Minimal
P1=0.9, Q1=0.9, D=0.0, strategies=Vector(3.0, 4.0, 5.0, 6.0, 7.0), simulation=Minimal
P1=0.9, Q1=0.9, D=0.0, strategies=Vector(3.0, 4.0, 5.0, 6.0, 7.0), simulation=Minimal
P1=0.9, Q1=0.9, D=0.0, strategies=Vector(3.0, 4.0, 5.0, 6.0, 7.0), simulation=Minimal
P1=0.9, Q1=0.9, D=0.0, strategies=Vector(3.0, 4.0, 5.0, 6.0, 7.0), simulation=Minimal
P1=0.9, Q1=0.9, D=0.0, strategies=Vector(3.0, 4.0, 5.0, 6.0, 7.0), simulation=Minimal
P1=0.9, Q1=0.9, D=0.0, strategies=Vector(3.0, 4.0, 5.0, 6.0, 7.0), simulation=Minimal
P1=0.9, Q1=0.9, D=0.0, strategies=Vector(3.0, 4.0, 5.0, 6.0, 7.0), simulation=Minimal
P1=0.9, Q1=0.9, D=0.0, strategies=Vector(3.0, 4.0, 5.0, 6.0, 7.0), simulation=Minimal
Hit generation cap
Hit generation cap
Hit generation cap
Hit generation cap
Hit generation cap
Ran 100 runs
Ran 100 runs
Ran 100 runs
Hit generation cap
Ran 100 runs
Ran 100 runs
Ran 100 runs
Ran 100 runs
Ran 100 runs
Ran 100 runs
Ran 100 runs
Hit generation cap
Hit generation cap
Hit generation cap
Ran 200 runs
Ran 200 runs
Ran 200 runs
Ran 200 runs
Ran 200 runs
Ran 200 runs
Ran 200 runs
Ran 200 runs
Ran 200 runs
Ran 200 runs
Hit generation cap
Hit generation cap
Hit generation cap
Hit generation cap
Hit generation cap
Ran 300 runs
Ran 300 runs
Ran 300 runs
Ran 300 runs
Ran 300 runs
Hit generation cap
Ran 300 runs
Ran 300 runs
Ran 300 runs
Ran 300 runs
Hit generation cap
Hit generation cap
Ran 300 runs
Ran 400 runs
Ran 400 runs
Ran 400 runs
Ran 400 runs
Ran 400 runs
Hit generation cap
Ran 400 runs
Ran 400 runs
Ran 400 runs
Ran 400 runs
Ran 400 runs
Ran 500 runs
Ran 500 runs
Ran 500 runs
Ran 500 runs
Ran 500 runs
Ran 500 runs
Ran 500 runs
Ran 500 runs
Ran 500 runs
Ran 500 runs
Hit generation cap
Hit generation cap
Ran 600 runs
Ran 600 runs
Ran 600 runs
Hit generation cap
Ran 600 runs
Hit generation cap
Ran 600 runs
Ran 600 runs
Ran 600 runs
Hit generation cap
Ran 600 runs
Ran 600 runs
Hit generation cap
Ran 600 runs
Hit generation cap
Hit generation cap
Ran 700 runs
Ran 700 runs
Hit generation cap
Ran 700 runs
Ran 700 runs
Ran 700 runs
Ran 700 runs
Ran 700 runs
Ran 700 runs
Ran 700 runs
Ran 700 runs
Hit generation cap
Hit generation cap
Ran 800 runs
Hit generation cap
Ran 800 runs
Ran 800 runs
Ran 800 runs
Ran 800 runs
Ran 800 runs
Ran 800 runs
Ran 800 runs
Hit generation cap
Ran 800 runs
Ran 800 runs
Hit generation cap
Hit generation cap
Ran 900 runs
Ran 900 runs
Ran 900 runs
Ran 900 runs
Ran 900 runs
Ran 900 runs
Ran 900 runs
Ran 900 runs
Hit generation cap
Ran 900 runs
Ran 900 runs
Ran 1000 runs
0.00000 0.00800 0.00900 0.00800 0.00400
0.00600 0.01400 0.04900 0.05700 0.02400
0.01100 0.05100 0.10000 0.09700 0.05000
0.01700 0.06000 0.09400 0.12300 0.05000
0.00500 0.02800 0.04600 0.06500 0.02400
Ran 1000 runs
0.00000 0.01000 0.01100 0.01200 0.00200
0.00400 0.02500 0.05800 0.04800 0.02400
0.00400 0.05100 0.09300 0.10400 0.04900
0.00800 0.06800 0.11000 0.09200 0.06500
0.00500 0.03400 0.04500 0.04700 0.03100
Ran 1000 runs
0.00300 0.00300 0.00500 0.01200 0.00500
0.00300 0.02200 0.05600 0.05000 0.02000
0.01900 0.05000 0.10200 0.10800 0.04300
0.00900 0.05300 0.11300 0.10600 0.04200
0.00700 0.03300 0.05100 0.05800 0.02700
Ran 1000 runs
Ran 1000 runs
0.00000 0.00400 0.01500 0.01500 0.00500
0.00600 0.02400 0.04900 0.05700 0.02700
0.00800 0.04400 0.09400 0.08600 0.05200
0.01000 0.04300 0.10900 0.11900 0.06200
0.00300 0.02900 0.04900 0.05900 0.03100
0.00100 0.00600 0.01300 0.01000 0.00600
0.00600 0.01600 0.05400 0.03900 0.02900
0.00900 0.05100 0.10300 0.10600 0.04300
0.01000 0.05700 0.11100 0.11600 0.05000
0.00300 0.01300 0.06000 0.06200 0.02600
Ran 1000 runs
0.00100 0.00400 0.01300 0.00600 0.00500
0.00700 0.02900 0.06400 0.05400 0.02000
0.01500 0.05300 0.11900 0.10400 0.05400
0.01000 0.05800 0.09800 0.09000 0.05800
0.00500 0.01700 0.03700 0.05300 0.02600
Ran 1000 runs
0.00200 0.00600 0.00800 0.00700 0.00500
0.00800 0.02900 0.06400 0.04700 0.01900
0.00700 0.05000 0.08200 0.11000 0.04400
0.00600 0.05700 0.12000 0.09400 0.05200
0.00600 0.03400 0.04800 0.07100 0.02400
Ran 1000 runs
0.00300 0.01000 0.00900 0.01000 0.00300
0.00500 0.01800 0.07200 0.04300 0.02300
0.01300 0.04200 0.11300 0.10500 0.05200
0.01000 0.05300 0.10900 0.10700 0.04900
0.00500 0.02600 0.06000 0.03800 0.02200
Ran 1000 runs
0.00000 0.00400 0.01500 0.01100 0.00600
0.00400 0.03200 0.05900 0.04400 0.02700
0.00700 0.04600 0.11800 0.09200 0.05600
0.01300 0.05000 0.11200 0.10800 0.05300
0.00600 0.02200 0.04200 0.04900 0.02400
Ran 1000 runs
0.00300 0.00700 0.00900 0.01600 0.00700
0.00600 0.02300 0.06200 0.05200 0.02800
0.01100 0.04800 0.10000 0.10800 0.05600
0.01400 0.04700 0.09900 0.10400 0.04800
0.00800 0.02000 0.04500 0.05900 0.02000
