/Library/Java/JavaVirtualMachines/jdk1.8.0_111.jdk/Contents/Home/bin/java -Dvisualvm.id=150484281473062 "-javaagent:/Applications/IntelliJ IDEA.app/Contents/lib/idea_rt.jar=61740:/Applications/IntelliJ IDEA.app/Contents/bin" -Dfile.encoding=UTF-8 -classpath /Library/Java/JavaVirtualMachines/jdk1.8.0_111.jdk/Contents/Home/jre/lib/charsets.jar:/Library/Java/JavaVirtualMachines/jdk1.8.0_111.jdk/Contents/Home/jre/lib/deploy.jar:/Library/Java/JavaVirtualMachines/jdk1.8.0_111.jdk/Contents/Home/jre/lib/ext/cldrdata.jar:/Library/Java/JavaVirtualMachines/jdk1.8.0_111.jdk/Contents/Home/jre/lib/ext/dnsns.jar:/Library/Java/JavaVirtualMachines/jdk1.8.0_111.jdk/Contents/Home/jre/lib/ext/jaccess.jar:/Library/Java/JavaVirtualMachines/jdk1.8.0_111.jdk/Contents/Home/jre/lib/ext/jfxrt.jar:/Library/Java/JavaVirtualMachines/jdk1.8.0_111.jdk/Contents/Home/jre/lib/ext/localedata.jar:/Library/Java/JavaVirtualMachines/jdk1.8.0_111.jdk/Contents/Home/jre/lib/ext/nashorn.jar:/Library/Java/JavaVirtualMachines/jdk1.8.0_111.jdk/Contents/Home/jre/lib/ext/sunec.jar:/Library/Java/JavaVirtualMachines/jdk1.8.0_111.jdk/Contents/Home/jre/lib/ext/sunjce_provider.jar:/Library/Java/JavaVirtualMachines/jdk1.8.0_111.jdk/Contents/Home/jre/lib/ext/sunpkcs11.jar:/Library/Java/JavaVirtualMachines/jdk1.8.0_111.jdk/Contents/Home/jre/lib/ext/zipfs.jar:/Library/Java/JavaVirtualMachines/jdk1.8.0_111.jdk/Contents/Home/jre/lib/javaws.jar:/Library/Java/JavaVirtualMachines/jdk1.8.0_111.jdk/Contents/Home/jre/lib/jce.jar:/Library/Java/JavaVirtualMachines/jdk1.8.0_111.jdk/Contents/Home/jre/lib/jfr.jar:/Library/Java/JavaVirtualMachines/jdk1.8.0_111.jdk/Contents/Home/jre/lib/jfxswt.jar:/Library/Java/JavaVirtualMachines/jdk1.8.0_111.jdk/Contents/Home/jre/lib/jsse.jar:/Library/Java/JavaVirtualMachines/jdk1.8.0_111.jdk/Contents/Home/jre/lib/management-agent.jar:/Library/Java/JavaVirtualMachines/jdk1.8.0_111.jdk/Contents/Home/jre/lib/plugin.jar:/Library/Java/JavaVirtualMachines/jdk1.8.0_111.jdk/Contents/Home/jre/lib/resources.jar:/Library/Java/JavaVirtualMachines/jdk1.8.0_111.jdk/Contents/Home/jre/lib/rt.jar:/Library/Java/JavaVirtualMachines/jdk1.8.0_111.jdk/Contents/Home/lib/ant-javafx.jar:/Library/Java/JavaVirtualMachines/jdk1.8.0_111.jdk/Contents/Home/lib/dt.jar:/Library/Java/JavaVirtualMachines/jdk1.8.0_111.jdk/Contents/Home/lib/javafx-mx.jar:/Library/Java/JavaVirtualMachines/jdk1.8.0_111.jdk/Contents/Home/lib/jconsole.jar:/Library/Java/JavaVirtualMachines/jdk1.8.0_111.jdk/Contents/Home/lib/packager.jar:/Library/Java/JavaVirtualMachines/jdk1.8.0_111.jdk/Contents/Home/lib/sa-jdi.jar:/Library/Java/JavaVirtualMachines/jdk1.8.0_111.jdk/Contents/Home/lib/tools.jar:/Users/drassaby/Code/egt/target/scala-2.12/classes:/Users/drassaby/.ivy2/cache/org.scala-lang/scala-library/jars/scala-library-2.12.8.jar:/Users/drassaby/.ivy2/cache/org.scalactic/scalactic_2.12/bundles/scalactic_2.12-3.0.5.jar:/Users/drassaby/.ivy2/cache/org.scala-lang/scala-reflect/jars/scala-reflect-2.12.8.jar:/Users/drassaby/.ivy2/cache/org.scala-lang/scala-reflect/srcs/scala-reflect-2.12.8-sources.jar:/Users/drassaby/.ivy2/cache/org.scala-lang/scala-library/srcs/scala-library-2.12.8-sources.jar intersectionaldisadvantage.Main minimal 10000 .9 .9 0 3 7
objc[40210]: Class JavaLaunchHelper is implemented in both /Library/Java/JavaVirtualMachines/jdk1.8.0_111.jdk/Contents/Home/bin/java (0x1014444c0) and /Library/Java/JavaVirtualMachines/jdk1.8.0_111.jdk/Contents/Home/jre/lib/libinstrument.dylib (0x1014c84e0). One of the two will be used. Which one is undefined.
P1=0.9, Q1=0.9, D=0.0, strategies=Vector(3.0, 7.0), simulation=Minimal
Ran 100 runs
Ran 200 runs
Ran 300 runs
Ran 400 runs
Ran 500 runs
Ran 600 runs
Ran 700 runs
Ran 800 runs
Ran 900 runs
Ran 1000 runs
Ran 1100 runs
Ran 1200 runs
Ran 1300 runs
Ran 1400 runs
Ran 1500 runs
Ran 1600 runs
Ran 1700 runs
Ran 1800 runs
Ran 1900 runs
Ran 2000 runs
Ran 2100 runs
Ran 2200 runs
Ran 2300 runs
Ran 2400 runs
Ran 2500 runs
Ran 2600 runs
Ran 2700 runs
Ran 2800 runs
Ran 2900 runs
Ran 3000 runs
Ran 3100 runs
Ran 3200 runs
Ran 3300 runs
Ran 3400 runs
Ran 3500 runs
Ran 3600 runs
Ran 3700 runs
Ran 3800 runs
Ran 3900 runs
Ran 4000 runs
Ran 4100 runs
Ran 4200 runs
Ran 4300 runs
Ran 4400 runs
Ran 4500 runs
Ran 4600 runs
Ran 4700 runs
Ran 4800 runs
Ran 4900 runs
Ran 5000 runs
Ran 5100 runs
Ran 5200 runs
Ran 5300 runs
Ran 5400 runs
Ran 5500 runs
Ran 5600 runs
Ran 5700 runs
Ran 5800 runs
Ran 5900 runs
Ran 6000 runs
Ran 6100 runs
Ran 6200 runs
Ran 6300 runs
Ran 6400 runs
Ran 6500 runs
Ran 6600 runs
Ran 6700 runs
Ran 6800 runs
Ran 6900 runs
Ran 7000 runs
Ran 7100 runs
Ran 7200 runs
Ran 7300 runs
Ran 7400 runs
Ran 7500 runs
Ran 7600 runs
Ran 7700 runs
Ran 7800 runs
Ran 7900 runs
Ran 8000 runs
Ran 8100 runs
Ran 8200 runs
Ran 8300 runs
Ran 8400 runs
Ran 8500 runs
Ran 8600 runs
Ran 8700 runs
Ran 8800 runs
Ran 8900 runs
Ran 9000 runs
Ran 9100 runs
Ran 9200 runs
Ran 9300 runs
Ran 9400 runs
Ran 9500 runs
Ran 9600 runs
Ran 9700 runs
Ran 9800 runs
Ran 9900 runs
Ran 10000 runs
0.30950 0.24680
0.24840 0.19530

Process finished with exit code 0
